<?xml version="1.0" encoding="UTF-8"?>
<!-- Generated by org.testng.reporters.JUnitReportReporter -->
<testsuite hostname="DESKTOP-U7KGGEJ" failures="0" tests="1" name="TestNG.testngreportgeneration" time="0.016" errors="0" timestamp="2022-04-20T17:57:40 IST" skipped="0">
  <testcase classname="TestNG.testngreportgeneration" name="testcase1" time="0.016"/>
  <system-out>
    <![CDATA[Hello
Bye]]>
  </system-out>
</testsuite> <!-- TestNG.testngreportgeneration -->
