<?xml version="1.0" encoding="UTF-8"?>
<!-- Generated by org.testng.reporters.JUnitReportReporter -->
<testsuite hostname="DESKTOP-U7KGGEJ" failures="0" tests="5" name="TestNG.testngPriority" time="0.017" errors="0" timestamp="2022-04-20T18:00:44 IST" skipped="0">
  <testcase classname="TestNG.testngPriority" name="Calls" time="0.010"/>
  <system-out>
    <![CDATA[calls]]>
  </system-out>
  <testcase classname="TestNG.testngPriority" name="Chats" time="0.001"/>
  <system-out>
    <![CDATA[chats]]>
  </system-out>
  <testcase classname="TestNG.testngPriority" name="Voicecall" time="0.001"/>
  <system-out>
    <![CDATA[voicecall]]>
  </system-out>
  <testcase classname="TestNG.testngPriority" name="Message" time="0.004"/>
  <system-out>
    <![CDATA[message]]>
  </system-out>
  <testcase classname="TestNG.testngPriority" name="Settings" time="0.001"/>
  <system-out>
    <![CDATA[settings]]>
  </system-out>
</testsuite> <!-- TestNG.testngPriority -->
