<?xml version="1.0" encoding="UTF-8"?>
<!-- Generated by org.testng.reporters.JUnitReportReporter -->
<testsuite hostname="DESKTOP-U7KGGEJ" failures="0" tests="6" name="TestNG.testngSkip" time="0.021" errors="0" timestamp="2022-04-20T19:10:31 IST" skipped="1">
  <testcase classname="TestNG.testngSkip" name="Calls" time="0.014"/>
  <system-out>
    <![CDATA[calls]]>
  </system-out>
  <testcase classname="TestNG.testngSkip" name="Chats" time="0.002"/>
  <system-out>
    <![CDATA[chats]]>
  </system-out>
  <testcase classname="TestNG.testngSkip" name="Message" time="0.002"/>
  <system-out>
    <![CDATA[message]]>
  </system-out>
  <testcase classname="TestNG.testngSkip" name="Message" time="0.001"/>
  <system-out>
    <![CDATA[message]]>
  </system-out>
  <testcase classname="TestNG.testngSkip" name="Settings" time="0.002"/>
  <system-out>
    <![CDATA[settings]]>
  </system-out>
  <testcase classname="TestNG.testngSkip" name="Voicecall">
    <skipped/>
  </testcase> <!-- Voicecall -->
  <system-out/>
</testsuite> <!-- TestNG.testngSkip -->
