<?xml version="1.0" encoding="UTF-8"?>
<!-- Generated by org.testng.reporters.JUnitReportReporter -->
<testsuite hostname="DESKTOP-U7KGGEJ" failures="0" tests="1" name="TestNG.AppFacabookCreatepage" time="9.083" errors="0" timestamp="2022-04-21T19:25:26 IST" skipped="0">
  <testcase classname="TestNG.AppFacabookCreatepage" name="createpage" time="9.083"/>
  <system-out>
    <![CDATA[Log in to Facebook
https://www.facebook.com/login/?next=https%3A%2F%2Fwww.facebook.com%2Fpages%2Fcreate%2F%3Fref_type%3Dregistration_form]]>
  </system-out>
</testsuite> <!-- TestNG.AppFacabookCreatepage -->
