<?xml version="1.0" encoding="UTF-8"?>
<!-- Generated by org.testng.reporters.JUnitReportReporter -->
<testsuite hostname="DESKTOP-U7KGGEJ" failures="0" tests="8" name="TestNG.testngInvocationcount" time="0.020" errors="0" timestamp="2022-04-20T18:07:07 IST" skipped="0">
  <testcase classname="TestNG.testngInvocationcount" name="Chats" time="0.009"/>
  <system-out>
    <![CDATA[chats]]>
  </system-out>
  <testcase classname="TestNG.testngInvocationcount" name="Voicecall" time="0.002"/>
  <system-out>
    <![CDATA[voicecall]]>
  </system-out>
  <testcase classname="TestNG.testngInvocationcount" name="Message" time="0.001"/>
  <system-out>
    <![CDATA[message]]>
  </system-out>
  <testcase classname="TestNG.testngInvocationcount" name="Message" time="0.001"/>
  <system-out>
    <![CDATA[message]]>
  </system-out>
  <testcase classname="TestNG.testngInvocationcount" name="Message" time="0.002"/>
  <system-out>
    <![CDATA[message]]>
  </system-out>
  <testcase classname="TestNG.testngInvocationcount" name="Message" time="0.001"/>
  <system-out>
    <![CDATA[message]]>
  </system-out>
  <testcase classname="TestNG.testngInvocationcount" name="Message" time="0.003"/>
  <system-out>
    <![CDATA[message]]>
  </system-out>
  <testcase classname="TestNG.testngInvocationcount" name="Settings" time="0.001"/>
  <system-out>
    <![CDATA[settings]]>
  </system-out>
</testsuite> <!-- TestNG.testngInvocationcount -->
